  QCloudCommandVector.cpp
f:\quantumgates\quantumcommandcontrol\../QPandaAPI/QPandaAPI.h(35): warning C4251: “QPanda::QPandaAPI::msFileName”: class“std::basic_string<char,std::char_traits<char>,std::allocator<char>>”需要有 dll 接口由 class“QPanda::QPandaAPI”的客户端使用
  F:\Microsoft Visual Studio\2017\Community\VC\Tools\MSVC\14.12.25827\include\xstring(4054): note: 参见“std::basic_string<char,std::char_traits<char>,std::allocator<char>>”的声明
f:\quantumgates\quantumcommandcontrol\../QPandaAPI/QPandaAPI.h(85): warning C4251: “QPanda::QPandaAPI::mQReusltMap”: class“std::map<std::string,double,std::less<_Kty>,std::allocator<std::pair<const _Kty,_Ty>>>”需要有 dll 接口由 class“QPanda::QPandaAPI”的客户端使用
          with
          [
              _Kty=std::string,
              _Ty=double
          ]
  f:\quantumgates\quantumcommandcontrol\../QPandaAPI/QPandaAPI.h(85): note: 参见“std::map<std::string,double,std::less<_Kty>,std::allocator<std::pair<const _Kty,_Ty>>>”的声明
          with
          [
              _Kty=std::string,
              _Ty=double
          ]
f:\quantumgates\quantumcommandcontrol\../QPandaAPI/QPandaAPI.h(86): warning C4251: “QPanda::QPandaAPI::mQList”: class“QList”需要有 dll 接口由 class“QPanda::QPandaAPI”的客户端使用
  f:\quantumgates\qrunesparser\LinkedListController.h(96): note: 参见“QList”的声明
f:\quantumgates\quantumcommandcontrol\../QPandaAPI/QPandaAPI.h(88): warning C4251: “QPanda::QPandaAPI::mQGatesParam”: class“QuantumGateParam”需要有 dll 接口由 class“QPanda::QPandaAPI”的客户端使用
  f:\quantumgates\qpandaapi\../QuantumInstructionHandle/QuantumGateParameter.h(21): note: 参见“QuantumGateParam”的声明
  QCommand.cpp
f:\quantumgates\quantumcommandcontrol\../QPandaAPI/QPandaAPI.h(35): warning C4251: “QPanda::QPandaAPI::msFileName”: class“std::basic_string<char,std::char_traits<char>,std::allocator<char>>”需要有 dll 接口由 class“QPanda::QPandaAPI”的客户端使用
  F:\Microsoft Visual Studio\2017\Community\VC\Tools\MSVC\14.12.25827\include\xstring(4054): note: 参见“std::basic_string<char,std::char_traits<char>,std::allocator<char>>”的声明
f:\quantumgates\quantumcommandcontrol\../QPandaAPI/QPandaAPI.h(85): warning C4251: “QPanda::QPandaAPI::mQReusltMap”: class“std::map<std::string,double,std::less<_Kty>,std::allocator<std::pair<const _Kty,_Ty>>>”需要有 dll 接口由 class“QPanda::QPandaAPI”的客户端使用
          with
          [
              _Kty=std::string,
              _Ty=double
          ]
  f:\quantumgates\quantumcommandcontrol\../QPandaAPI/QPandaAPI.h(85): note: 参见“std::map<std::string,double,std::less<_Kty>,std::allocator<std::pair<const _Kty,_Ty>>>”的声明
          with
          [
              _Kty=std::string,
              _Ty=double
          ]
f:\quantumgates\quantumcommandcontrol\../QPandaAPI/QPandaAPI.h(86): warning C4251: “QPanda::QPandaAPI::mQList”: class“QList”需要有 dll 接口由 class“QPanda::QPandaAPI”的客户端使用
  f:\quantumgates\qrunesparser\LinkedListController.h(96): note: 参见“QList”的声明
f:\quantumgates\quantumcommandcontrol\../QPandaAPI/QPandaAPI.h(88): warning C4251: “QPanda::QPandaAPI::mQGatesParam”: class“QuantumGateParam”需要有 dll 接口由 class“QPanda::QPandaAPI”的客户端使用
  f:\quantumgates\qpandaapi\../QuantumInstructionHandle/QuantumGateParameter.h(21): note: 参见“QuantumGateParam”的声明
QCommand.cpp(304): warning C4267: “参数”: 从“size_t”转换到“int”，可能丢失数据
  QSimulateCommandVector.cpp
f:\quantumgates\quantumcommandcontrol\../QPandaAPI/QPandaAPI.h(35): warning C4251: “QPanda::QPandaAPI::msFileName”: class“std::basic_string<char,std::char_traits<char>,std::allocator<char>>”需要有 dll 接口由 class“QPanda::QPandaAPI”的客户端使用
  F:\Microsoft Visual Studio\2017\Community\VC\Tools\MSVC\14.12.25827\include\xstring(4054): note: 参见“std::basic_string<char,std::char_traits<char>,std::allocator<char>>”的声明
f:\quantumgates\quantumcommandcontrol\../QPandaAPI/QPandaAPI.h(85): warning C4251: “QPanda::QPandaAPI::mQReusltMap”: class“std::map<std::string,double,std::less<_Kty>,std::allocator<std::pair<const _Kty,_Ty>>>”需要有 dll 接口由 class“QPanda::QPandaAPI”的客户端使用
          with
          [
              _Kty=std::string,
              _Ty=double
          ]
  f:\quantumgates\quantumcommandcontrol\../QPandaAPI/QPandaAPI.h(85): note: 参见“std::map<std::string,double,std::less<_Kty>,std::allocator<std::pair<const _Kty,_Ty>>>”的声明
          with
          [
              _Kty=std::string,
              _Ty=double
          ]
f:\quantumgates\quantumcommandcontrol\../QPandaAPI/QPandaAPI.h(86): warning C4251: “QPanda::QPandaAPI::mQList”: class“QList”需要有 dll 接口由 class“QPanda::QPandaAPI”的客户端使用
  f:\quantumgates\qrunesparser\LinkedListController.h(96): note: 参见“QList”的声明
f:\quantumgates\quantumcommandcontrol\../QPandaAPI/QPandaAPI.h(88): warning C4251: “QPanda::QPandaAPI::mQGatesParam”: class“QuantumGateParam”需要有 dll 接口由 class“QPanda::QPandaAPI”的客户端使用
  f:\quantumgates\qpandaapi\../QuantumInstructionHandle/QuantumGateParameter.h(21): note: 参见“QuantumGateParam”的声明
  QuantumCommandCtrAPI.cpp
f:\quantumgates\quantumcommandcontrol\../QPandaAPI/QPandaAPI.h(35): warning C4251: “QPanda::QPandaAPI::msFileName”: class“std::basic_string<char,std::char_traits<char>,std::allocator<char>>”需要有 dll 接口由 class“QPanda::QPandaAPI”的客户端使用
  F:\Microsoft Visual Studio\2017\Community\VC\Tools\MSVC\14.12.25827\include\xstring(4054): note: 参见“std::basic_string<char,std::char_traits<char>,std::allocator<char>>”的声明
f:\quantumgates\quantumcommandcontrol\../QPandaAPI/QPandaAPI.h(85): warning C4251: “QPanda::QPandaAPI::mQReusltMap”: class“std::map<std::string,double,std::less<_Kty>,std::allocator<std::pair<const _Kty,_Ty>>>”需要有 dll 接口由 class“QPanda::QPandaAPI”的客户端使用
          with
          [
              _Kty=std::string,
              _Ty=double
          ]
  f:\quantumgates\quantumcommandcontrol\../QPandaAPI/QPandaAPI.h(85): note: 参见“std::map<std::string,double,std::less<_Kty>,std::allocator<std::pair<const _Kty,_Ty>>>”的声明
          with
          [
              _Kty=std::string,
              _Ty=double
          ]
f:\quantumgates\quantumcommandcontrol\../QPandaAPI/QPandaAPI.h(86): warning C4251: “QPanda::QPandaAPI::mQList”: class“QList”需要有 dll 接口由 class“QPanda::QPandaAPI”的客户端使用
  f:\quantumgates\qrunesparser\LinkedListController.h(96): note: 参见“QList”的声明
f:\quantumgates\quantumcommandcontrol\../QPandaAPI/QPandaAPI.h(88): warning C4251: “QPanda::QPandaAPI::mQGatesParam”: class“QuantumGateParam”需要有 dll 接口由 class“QPanda::QPandaAPI”的客户端使用
  f:\quantumgates\qpandaapi\../QuantumInstructionHandle/QuantumGateParameter.h(21): note: 参见“QuantumGateParam”的声明
    正在创建库 F:\QuantumGates\x64\Release\QuantumCommandControl.lib 和对象 F:\QuantumGates\x64\Release\QuantumCommandControl.exp
  正在生成代码
  24 of 1632 functions ( 1.5%) were compiled, the rest were copied from previous compilation.
    0 functions were new in current compilation
    162 functions had inline decision re-evaluated but remain unchanged
  已完成代码的生成
  QuantumCommandControl.vcxproj -> F:\QuantumGates\x64\Release\QuantumCommandControl.dll
