  QRFileController.cpp
  QRGateController.cpp
  QRLib.cpp
f:\github\q-panda\qrunesgenerator\qrunesgenerator\qrunesgenerator\qrlib.cpp(60): warning C4018: “<”: 有符号/无符号不匹配
f:\github\q-panda\qrunesgenerator\qrunesgenerator\qrunesgenerator\qrlib.cpp(110): warning C4018: “<”: 有符号/无符号不匹配
f:\github\q-panda\qrunesgenerator\qrunesgenerator\qrunesgenerator\qrlib.cpp(129): warning C4018: “<”: 有符号/无符号不匹配
f:\github\q-panda\qrunesgenerator\qrunesgenerator\qrunesgenerator\qrlib.cpp(137): warning C4018: “<”: 有符号/无符号不匹配
f:\github\q-panda\qrunesgenerator\qrunesgenerator\qrunesgenerator\qrlib.cpp(147): warning C4018: “<”: 有符号/无符号不匹配
f:\github\q-panda\qrunesgenerator\qrunesgenerator\qrunesgenerator\qrlib.cpp(167): warning C4018: “<”: 有符号/无符号不匹配
f:\github\q-panda\qrunesgenerator\qrunesgenerator\qrunesgenerator\qrlib.cpp(171): warning C4067: 预处理器指令后有意外标记 - 应输入换行符
f:\github\q-panda\qrunesgenerator\qrunesgenerator\qrunesgenerator\qrlib.cpp(172): warning C4067: 预处理器指令后有意外标记 - 应输入换行符
f:\github\q-panda\qrunesgenerator\qrunesgenerator\qrunesgenerator\qrlib.cpp(205): warning C4244: “初始化”: 从“double”转换到“size_t”，可能丢失数据
f:\github\q-panda\qrunesgenerator\qrunesgenerator\qrunesgenerator\qrlib.cpp(235): warning C4067: 预处理器指令后有意外标记 - 应输入换行符
f:\github\q-panda\qrunesgenerator\qrunesgenerator\qrunesgenerator\qrlib.cpp(236): warning C4067: 预处理器指令后有意外标记 - 应输入换行符
f:\github\q-panda\qrunesgenerator\qrunesgenerator\qrunesgenerator\qrlib.cpp(279): warning C4067: 预处理器指令后有意外标记 - 应输入换行符
f:\github\q-panda\qrunesgenerator\qrunesgenerator\qrunesgenerator\qrlib.cpp(280): warning C4067: 预处理器指令后有意外标记 - 应输入换行符
f:\github\q-panda\qrunesgenerator\qrunesgenerator\qrunesgenerator\qrlib.cpp(305): warning C4067: 预处理器指令后有意外标记 - 应输入换行符
f:\github\q-panda\qrunesgenerator\qrunesgenerator\qrunesgenerator\qrlib.cpp(323): warning C4067: 预处理器指令后有意外标记 - 应输入换行符
f:\github\q-panda\qrunesgenerator\qrunesgenerator\qrunesgenerator\qrlib.cpp(324): warning C4067: 预处理器指令后有意外标记 - 应输入换行符
f:\github\q-panda\qrunesgenerator\qrunesgenerator\qrunesgenerator\qrlib.cpp(384): warning C4244: “初始化”: 从“double”转换到“int”，可能丢失数据
f:\github\q-panda\qrunesgenerator\qrunesgenerator\qrunesgenerator\qrlib.cpp(414): warning C4244: “初始化”: 从“double”转换到“int”，可能丢失数据
f:\github\q-panda\qrunesgenerator\qrunesgenerator\qrunesgenerator\qrlib.cpp(419): warning C4067: 预处理器指令后有意外标记 - 应输入换行符
f:\github\q-panda\qrunesgenerator\qrunesgenerator\qrunesgenerator\qrlib.cpp(427): warning C4244: “初始化”: 从“double”转换到“int”，可能丢失数据
f:\github\q-panda\qrunesgenerator\qrunesgenerator\qrunesgenerator\qrlib.cpp(433): warning C4067: 预处理器指令后有意外标记 - 应输入换行符
f:\github\q-panda\qrunesgenerator\qrunesgenerator\qrunesgenerator\qrlib.cpp(443): warning C4244: “初始化”: 从“double”转换到“int”，可能丢失数据
f:\github\q-panda\qrunesgenerator\qrunesgenerator\qrunesgenerator\qrlib.cpp(448): warning C4067: 预处理器指令后有意外标记 - 应输入换行符
f:\github\q-panda\qrunesgenerator\qrunesgenerator\qrunesgenerator\qrlib.cpp(464): warning C4067: 预处理器指令后有意外标记 - 应输入换行符
f:\github\q-panda\qrunesgenerator\qrunesgenerator\qrunesgenerator\qrlib.cpp(465): warning C4067: 预处理器指令后有意外标记 - 应输入换行符
f:\github\q-panda\qrunesgenerator\qrunesgenerator\qrunesgenerator\qrlib.cpp(488): warning C4067: 预处理器指令后有意外标记 - 应输入换行符
f:\github\q-panda\qrunesgenerator\qrunesgenerator\qrunesgenerator\qrlib.cpp(489): warning C4067: 预处理器指令后有意外标记 - 应输入换行符
f:\github\q-panda\qrunesgenerator\qrunesgenerator\qrunesgenerator\qrlib.cpp(513): warning C4067: 预处理器指令后有意外标记 - 应输入换行符
f:\github\q-panda\qrunesgenerator\qrunesgenerator\qrunesgenerator\qrlib.cpp(514): warning C4067: 预处理器指令后有意外标记 - 应输入换行符
f:\github\q-panda\qrunesgenerator\qrunesgenerator\qrunesgenerator\qrlib.cpp(571): warning C4067: 预处理器指令后有意外标记 - 应输入换行符
f:\github\q-panda\qrunesgenerator\qrunesgenerator\qrunesgenerator\qrlib.cpp(641): warning C4067: 预处理器指令后有意外标记 - 应输入换行符
f:\github\q-panda\qrunesgenerator\qrunesgenerator\qrunesgenerator\qrlib.cpp(642): warning C4067: 预处理器指令后有意外标记 - 应输入换行符
f:\github\q-panda\qrunesgenerator\qrunesgenerator\qrunesgenerator\qrlib.cpp(659): warning C4067: 预处理器指令后有意外标记 - 应输入换行符
f:\github\q-panda\qrunesgenerator\qrunesgenerator\qrunesgenerator\qrlib.cpp(689): warning C4018: “<”: 有符号/无符号不匹配
f:\github\q-panda\qrunesgenerator\qrunesgenerator\qrunesgenerator\qrlib.cpp(729): warning C4067: 预处理器指令后有意外标记 - 应输入换行符
f:\github\q-panda\qrunesgenerator\qrunesgenerator\qrunesgenerator\qrlib.cpp(812): warning C4067: 预处理器指令后有意外标记 - 应输入换行符
  QRState.cpp
  正在生成代码...
  QRunesGenerator.vcxproj -> F:\github\Q-Panda\QRunesGenerator\QRunesGenerator\Debug\QRunesGenerator.dll
